npm warn config ignoring workspace config at C:\Users\ADMIN\Desktop\protfolio\ecommerce\apps\admin/.npmrc

> @ecommerce/admin@0.1.0 build
> next build

   ▲ Next.js 15.0.3
   - Environments: .env.local

   Creating an optimized production build ...
 ✓ Compiled successfully
   Linting and checking validity of types ...
 ⨯ ESLint: Failed to load plugin 'next-auth' declared in '.eslintrc.json': Cannot find module 'eslint-plugin-next-auth' Require stack: - C:\Users\ADMIN\Desktop\protfolio\ecommerce\apps\admin\__placeholder__.js
   Collecting page data ...

> Build error occurred
Error: ENOENT: no such file or directory, open 'C:\Users\ADMIN\Desktop\protfolio\ecommerce\apps\admin\.next\server\pages-manifest.json'
    at async readManifest (C:\Users\ADMIN\Desktop\protfolio\ecommerce\node_modules\next\dist\build\index.js:191:23)
    at async (C:\Users\ADMIN\Desktop\protfolio\ecommerce\node_modules\next\dist\build\index.js:1131:33)
    at async Span.traceAsyncFn (C:\Users\ADMIN\Desktop\protfolio\ecommerce\node_modules\next\dist\trace\trace.js:153:20)
    at async build (C:\Users\ADMIN\Desktop\protfolio\ecommerce\node_modules\next\dist\build\index.js:361:9) {
  errno: -4058,
  code: 'ENOENT',
  syscall: 'open',
  path: 'C:\\Users\\ADMIN\\Desktop\\protfolio\\ecommerce\\apps\\admin\\.next\\server\\pages-manifest.json'
}
npm error Lifecycle script `build` failed with error:
npm error code 1
npm error path C:\Users\ADMIN\Desktop\protfolio\ecommerce\apps\admin
npm error workspace @ecommerce/admin@0.1.0
npm error location C:\Users\ADMIN\Desktop\protfolio\ecommerce\apps\admin
npm error command failed
npm error command C:\Windows\system32\cmd.exe /d /s /c next build
